Welcome to Xilinx CORE Generator.
Help system initialized.
The IP Catalog has been reloaded.
Opening project file /home/lechuzin/Facultad/Trabajo
Final/lechuzing/Cyclon6/ipcore_dir/coregen.cgp.
Recustomize and Generate (Under Original Project Settings)INFO:sim:172 - Generating IP...
WARNING:sim - A core named 'clk_wiz_v3_6' already exists in the project. Output
   products for this core may be overwritten.
Resolving generics for 'clk_wiz_v3_6'...
WARNING:sim - A core named 'clk_wiz_v3_6' already exists in the project. Output
   products for this core may be overwritten.
Applying external generics to 'clk_wiz_v3_6'...
Delivering associated files for 'clk_wiz_v3_6'...
WARNING:sim - Component clk_wiz_v3_6 does not have a valid model name for VHDL
   synthesis
Delivering EJava files for 'clk_wiz_v3_6'...
Delivered 3 files into directory /home/lechuzin/Facultad/Trabajo
Final/lechuzing/Cyclon6/ipcore_dir/tmp/_cg/clk_wiz_v3_6
Delivered 1 file into directory /home/lechuzin/Facultad/Trabajo
Final/lechuzing/Cyclon6/ipcore_dir/tmp/_cg/clk_wiz_v3_6
Generating ASY schematic symbol...
Loading device for application Rf_Device from file '6slx4.nph' in environment
/opt/Xilinx/14.7/ISE_DS/ISE/.
INFO:sim:949 - Finished generation of ASY schematic symbol.
Generating ISE project...
XCO file found: clk_wiz_v3_6.xco
XMDF file found: clk_wiz_v3_6_xmdf.tcl
Adding /home/lechuzin/Facultad/Trabajo
Final/lechuzing/Cyclon6/ipcore_dir/tmp/_cg/clk_wiz_v3_6.asy -view all
-origin_type imported
Adding /home/lechuzin/Facultad/Trabajo
Final/lechuzing/Cyclon6/ipcore_dir/tmp/_cg/clk_wiz_v3_6.ucf -view all
-origin_type created
Adding /home/lechuzin/Facultad/Trabajo
Final/lechuzing/Cyclon6/ipcore_dir/tmp/_cg/clk_wiz_v3_6.vhd -view all
-origin_type created
WARNING: es_AR:es is not supported as a language.  Using usenglish.
INFO:HDLCompiler:1061 - Parsing VHDL file "/home/lechuzin/Facultad/Trabajo
   Final/lechuzing/Cyclon6/ipcore_dir/tmp/_cg/clk_wiz_v3_6.vhd" into library
   work
INFO:ProjectMgmt - Parsing design hierarchy completed successfully.
Adding /home/lechuzin/Facultad/Trabajo
Final/lechuzing/Cyclon6/ipcore_dir/tmp/_cg/clk_wiz_v3_6.vho -view all
-origin_type imported
INFO:TclTasksC:2116 - The automatic calculation of top has been turned-off.
   Please set the new top explicitly by running the "project set top" command.
   To re-calculate the new top automatically, set the "Auto Implementation Top"
   property to true.
Top level has been set to "/clk_wiz_v3_6"
Generating README file...
Generating FLIST file...
INFO:sim:948 - Finished FLIST file generation.
Launching README viewer...
Moving files to output directory...
Finished moving files to output directory
Saved CGP file for project 'coregen'.
Closed project file.
